
################################################################################
user-based = 1 ( ~ user-based)
################################################################################

K = 10, lam = .1, learning_rate = 0.75, max_iter = 300, user_based = 1

iter = 10 , loss = 15.579574982999425 , RMSE train = 1.3652184951230055
iter = 20 , loss = 7.447863285997837 , RMSE train = 1.2102004926860572
iter = 30 , loss = 3.803097439735367 , RMSE train = 1.202928841124496
iter = 40 , loss = 2.1354044830333345 , RMSE train = 1.2026379031028793
iter = 50 , loss = 1.370791588247875 , RMSE train = 1.2026347974506753
iter = 60 , loss = 1.020158654574295 , RMSE train = 1.2026373667068737
iter = 70 , loss = 0.859364033567493 , RMSE train = 1.202638186894229
iter = 80 , loss = 0.7856261723009591 , RMSE train = 1.202638400645179
iter = 90 , loss = 0.7518111836823291 , RMSE train = 1.202638453497381
iter = 100 , loss = 0.7363041843905463 , RMSE train = 1.2026384662393326
iter = 110 , loss = 0.7291929297791468 , RMSE train = 1.202638469259636
iter = 120 , loss = 0.7259318253219337 , RMSE train = 1.2026384699663937
iter = 130 , loss = 0.724436336201763 , RMSE train = 1.2026384701300838
iter = 140 , loss = 0.7237505292280407 , RMSE train = 1.202638470167669
iter = 150 , loss = 0.7234360292345733 , RMSE train = 1.2026384701762451
iter = 160 , loss = 0.7232918045837434 , RMSE train = 1.2026384701781825
iter = 170 , loss = 0.7232256654554278 , RMSE train = 1.2026384701786177
iter = 180 , loss = 0.7231953350961726 , RMSE train = 1.202638470178715
iter = 190 , loss = 0.7231814260688743 , RMSE train = 1.202638470178751
iter = 200 , loss = 0.7231750476052398 , RMSE train = 1.2026384701787587
iter = 210 , loss = 0.7231721225402056 , RMSE train = 1.2026384701787618
iter = 220 , loss = 0.7231707811501319 , RMSE train = 1.2026384701787622
iter = 230 , loss = 0.7231701660089981 , RMSE train = 1.2026384701787622
iter = 240 , loss = 0.7231698839145311 , RMSE train = 1.2026384701787622
iter = 250 , loss = 0.7231697545502183 , RMSE train = 1.2026384701787622
iter = 260 , loss = 0.7231696952256587 , RMSE train = 1.2026384701787622
iter = 270 , loss = 0.723169668020286 , RMSE train = 1.2026384701787622
iter = 280 , loss = 0.7231696555442978 , RMSE train = 1.2026384701787622
iter = 290 , loss = 0.7231696498229895 , RMSE train = 1.2026384701787622
iter = 300 , loss = 0.7231696471992793 , RMSE train = 1.2026384701787622

User-based MF, RMSE = 1.2711385912088924

##########################################################################

K = 10, lam = .1, learning_rate = 0.1, max_iter = 300, user_based = 1

iter = 10 , loss = 32.69301664393995 , RMSE train = 2.4626461919469618
iter = 20 , loss = 28.871541860617825 , RMSE train = 2.1964318383232175
iter = 30 , loss = 25.671885974925797 , RMSE train = 1.9661635352930336
iter = 40 , loss = 22.948271748142513 , RMSE train = 1.7743759125376743
iter = 50 , loss = 20.59808353310913 , RMSE train = 1.6195858776134486
iter = 60 , loss = 18.5477702079452 , RMSE train = 1.4988800315452266
iter = 70 , loss = 16.743532958673427 , RMSE train = 1.408717368344073
iter = 80 , loss = 15.14513951554318 , RMSE train = 1.3436632311276024
iter = 90 , loss = 13.721791883481119 , RMSE train = 1.2979858822438601
iter = 100 , loss = 12.449349066646986 , RMSE train = 1.26647125411348
iter = 110 , loss = 11.308447681109467 , RMSE train = 1.245040807542504
iter = 120 , loss = 10.283219987649844 , RMSE train = 1.230599293801773
iter = 130 , loss = 9.360411078029301 , RMSE train = 1.2209409846153239
iter = 140 , loss = 8.528763939906511 , RMSE train = 1.2145172666145951
iter = 150 , loss = 7.77858520943866 , RMSE train = 1.2102677341079027
iter = 160 , loss = 7.101433526210953 , RMSE train = 1.2074745541628478
iter = 170 , loss = 6.489891676730488 , RMSE train = 1.2056504970756312
iter = 180 , loss = 5.937396505291933 , RMSE train = 1.2044684366215228
iter = 190 , loss = 5.438109082480201 , RMSE train = 1.2037095618089155
iter = 200 , loss = 4.986813297182529 , RMSE train = 1.2032286087955864
iter = 210 , loss = 4.578834831076047 , RMSE train = 1.2029288861727927
iter = 220 , loss = 4.209975015624935 , RMSE train = 1.202746669303369
iter = 230 , loss = 3.8764557785602896 , RMSE train = 1.2026398700853052
iter = 240 , loss = 3.5748730371279054 , RMSE train = 1.2025808815464074
iter = 250 , loss = 3.3021566736433456 , RMSE train = 1.2025516946985197
iter = 260 , loss = 3.0555357580232 , RMSE train = 1.2025406432820946
iter = 270 , loss = 2.8325080439487103 , RMSE train = 1.2025402376336423
iter = 280 , loss = 2.630813014904606 , RMSE train = 1.2025457276578113
iter = 290 , loss = 2.4484079301160904 , RMSE train = 1.2025541507990547
iter = 300 , loss = 2.2834464428770334 , RMSE train = 1.20256370223785

User-based MF, RMSE = 1.2711465302081404

################################################################################

K = 20, lam = .1, learning_rate = 0.75, max_iter = 300, user_based = 1



################################################################################

K = 20, lam = .1, learning_rate = 0.1, max_iter = 300, user_based = 1


################################################################################

K = 50, lam = .5, learning_rate = 0.75, max_iter = 300, user_based = 1



################################################################################

K = 50, lam = .5, learning_rate = 0.1, max_iter = 300, user_based = 1


################################################################################

K = 100, lam = .1, learning_rate = 0.75, max_iter = 300, user_based = 1


################################################################################

K = 100, lam = .5, learning_rate = 0.1, max_iter = 300, user_based = 1



################################################################################
user-based = 0 ( ~ item-based)
################################################################################

K = 100, lam = .1, learning_rate = 0.75, max_iter = 300, user_based = 0


################################################################################


K = 100, lam = .1, learning_rate = 0.1, max_iter = 300, user_based = 0


