
################################################################################
user-based = 1 ( ~ user-based)
################################################################################

K = 100, lam = .5, learning_rate = 0.75, max_iter = 200, user_based = 1

iter = 20 , loss = 0.7416178391477901 , RMSE train = 1.1827766044189283
iter = 30 , loss = 0.6998698080666682 , RMSE train = 1.1827766039540948
iter = 40 , loss = 0.6994839806708469 , RMSE train = 1.182776603953976
iter = 50 , loss = 0.6994802882384699 , RMSE train = 1.1827766039539784
iter = 60 , loss = 0.6994802480339185 , RMSE train = 1.1827766039539784
iter = 70 , loss = 0.6994802474423525 , RMSE train = 1.1827766039539784
iter = 80 , loss = 0.699480247430716 , RMSE train = 1.1827766039539784
iter = 90 , loss = 0.6994802474304591 , RMSE train = 1.1827766039539784
iter = 100 , loss = 0.6994802474304532 , RMSE train = 1.1827766039539784
iter = 110 , loss = 0.6994802474304531 , RMSE train = 1.1827766039539784
iter = 120 , loss = 0.6994802474304531 , RMSE train = 1.1827766039539784
iter = 130 , loss = 0.6994802474304531 , RMSE train = 1.1827766039539784
iter = 140 , loss = 0.6994802474304531 , RMSE train = 1.1827766039539784
iter = 150 , loss = 0.6994802474304531 , RMSE train = 1.1827766039539784
iter = 160 , loss = 0.6994802474304531 , RMSE train = 1.1827766039539784
iter = 170 , loss = 0.6994802474304531 , RMSE train = 1.1827766039539784
iter = 180 , loss = 0.6994802474304531 , RMSE train = 1.1827766039539784
iter = 190 , loss = 0.6994802474304531 , RMSE train = 1.1827766039539784
iter = 200 , loss = 0.6994802474304531 , RMSE train = 1.1827766039539784

User-based MF, RMSE = 1.3584726568765555

################################################################################

K = 50, lam = .1, learning_rate = 0.1, max_iter = 300, user_based = 1



################################################################################

K = 100, lam = .1, learning_rate = 0.75, max_iter = 300, user_based = 1


################################################################################

K = 100, lam = .1, learning_rate = 0.1, max_iter = 300, user_based = 1

iter = 10 , loss = 116.21221330076064 , RMSE train = 4.040539712095489

################################################################################
user-based = 0 ( ~ item-based)
################################################################################

K = 50, lam = .1, learning_rate = 0.75, max_iter = 300, user_based = 0


################################################################################

K = 100, lam = .1, learning_rate = 0.75, max_iter = 300, user_based = 0



################################################################################

K = 50, lam = .1, learning_rate = 0.75, max_iter = 300, user_based = 0

