
################################################################################
user-based = 1 ( ~ user-based)
################################################################################

################################################################################

K = 50, lam = .1, learning_rate = 0.1, max_iter = 150, user_based = 1

iter = 10 , loss = 218.30055205765981 , RMSE train = 2.6404149365846337
iter = 20 , loss = 129.65946540636634 , RMSE train = 1.7273610714713188
iter = 30 , loss = 77.88009663421947 , RMSE train = 1.514176128361267
iter = 40 , loss = 47.04415711594517 , RMSE train = 1.4839136053515287
iter = 50 , loss = 28.602976319530462 , RMSE train = 1.479955630404427
iter = 60 , loss = 17.564333229282468 , RMSE train = 1.4794426917751282
iter = 70 , loss = 10.955450395344213 , RMSE train = 1.4793768628998327
iter = 80 , loss = 6.9985150901694055 , RMSE train = 1.4793689231791296
iter = 90 , loss = 4.629357689363276 , RMSE train = 1.4793682627589537
iter = 100 , loss = 3.2108562141383636 , RMSE train = 1.479368369088307
iter = 110 , loss = 2.3615469136739953 , RMSE train = 1.4793684735834165
iter = 120 , loss = 1.8530339604030985 , RMSE train = 1.4793685275636246
iter = 130 , loss = 1.5485683996722686 , RMSE train = 1.479368551902115
iter = 140 , loss = 1.3662735763882785 , RMSE train = 1.4793685622948722
iter = 150 , loss = 1.2571269035852546 , RMSE train = 1.47936856660298

User-based MF, RMSE = 1.5223036722768408


iter = 10 , loss = 218.28323169324133 , RMSE train = 2.5449011904738916
iter = 20 , loss = 129.51445875989765 , RMSE train = 1.5965521519489012
iter = 30 , loss = 77.69655145124645 , RMSE train = 1.358091250574309
iter = 40 , loss = 46.84259564125272 , RMSE train = 1.3230394864883488
iter = 50 , loss = 28.39135255065779 , RMSE train = 1.318348189899777
iter = 60 , loss = 17.346806229411385 , RMSE train = 1.3177077751729505
iter = 70 , loss = 10.734415343757469 , RMSE train = 1.317613947804745
iter = 80 , loss = 6.7753872783137945 , RMSE train = 1.3175982244241071
iter = 90 , loss = 4.404979570414473 , RMSE train = 1.3175950497414073
iter = 100 , loss = 2.985730572622358 , RMSE train = 1.317594285354297
iter = 110 , loss = 2.1359741738572278 , RMSE train = 1.3175940798985926
iter = 120 , loss = 1.627193746692861 , RMSE train = 1.3175940224214218
iter = 130 , loss = 1.3225681496123851 , RMSE train = 1.3175940065354461
iter = 140 , loss = 1.14017756496101 , RMSE train = 1.317594002393366
iter = 150 , loss = 1.030973588587519 , RMSE train = 1.3175940014473326

User-based MF, RMSE = 1.3622744018430353


iter = 10 , loss = 218.35461000127708 , RMSE train = 2.7129116347492914
iter = 20 , loss = 129.7617476970507 , RMSE train = 1.8716599749868132
iter = 30 , loss = 78.04200701633297 , RMSE train = 1.6771719188225682
iter = 40 , loss = 47.24531557533202 , RMSE train = 1.649839933377913
iter = 50 , loss = 28.827945160792815 , RMSE train = 1.6464075995901504
iter = 60 , loss = 17.803545654805756 , RMSE train = 1.6460134914809048
iter = 70 , loss = 11.203170313255692 , RMSE train = 1.6459814843473013
iter = 80 , loss = 7.251319236593096 , RMSE train = 1.645984606868605
iter = 90 , loss = 4.8852022765755105 , RMSE train = 1.6459877997671013
iter = 100 , loss = 3.468519891011784 , RMSE train = 1.6459892817125712
iter = 110 , loss = 2.6202992790964332 , RMSE train = 1.6459898817254204
iter = 120 , loss = 2.1124380063332193 , RMSE train = 1.6459901147648377
iter = 130 , loss = 1.8083625810276522 , RMSE train = 1.6459902038769625
iter = 140 , loss = 1.626301332488961 , RMSE train = 1.6459902377087503
iter = 150 , loss = 1.517294507000393 , RMSE train = 1.6459902504989559

User-based MF, RMSE = 1.672002625594701


iter = 10 , loss = 218.37808338896173 , RMSE train = 2.714568875465689
iter = 20 , loss = 129.77700686586377 , RMSE train = 1.8411167755949474
iter = 30 , loss = 78.0314583546717 , RMSE train = 1.6429995591817723
iter = 40 , loss = 47.21674286327768 , RMSE train = 1.6154039491456635
iter = 50 , loss = 28.788286964143698 , RMSE train = 1.6118966824206042
iter = 60 , loss = 17.757224175733047 , RMSE train = 1.6114801375077537
iter = 70 , loss = 11.152859359930975 , RMSE train = 1.6114407148349166
iter = 80 , loss = 7.1986203965481135 , RMSE train = 1.6114412801797955
iter = 90 , loss = 4.831073800553636 , RMSE train = 1.6114435765868564
iter = 100 , loss = 3.4135352716724237 , RMSE train = 1.6114447423312652
iter = 110 , loss = 2.5648018670095496 , RMSE train = 1.6114452305806546
iter = 120 , loss = 2.056633420607553 , RMSE train = 1.6114454240904015
iter = 130 , loss = 1.7523739797039946 , RMSE train = 1.6114454992195024
iter = 140 , loss = 1.5702024902318485 , RMSE train = 1.6114455281053577
iter = 150 , loss = 1.4611296194300647 , RMSE train = 1.6114455391464062

User-based MF, RMSE = 1.6263042798699965


iter = 10 , loss = 218.278585202116 , RMSE train = 2.6450607909649384
iter = 20 , loss = 129.6419914762172 , RMSE train = 1.727200441136236
iter = 30 , loss = 77.86863120114248 , RMSE train = 1.5134163802976177
iter = 40 , loss = 47.03672996094038 , RMSE train = 1.4831141896494364
iter = 50 , loss = 28.598028570282345 , RMSE train = 1.479137577234169
iter = 60 , loss = 17.560879524015565 , RMSE train = 1.4786202211480393
iter = 70 , loss = 10.95289298996838 , RMSE train = 1.478553326129105
iter = 80 , loss = 6.996494733436605 , RMSE train = 1.4785450813085081
iter = 90 , loss = 4.62765899054545 , RMSE train = 1.4785443251763548
iter = 100 , loss = 3.2093501345315527 , RMSE train = 1.4785444002922838
iter = 110 , loss = 2.360156171097615 , RMSE train = 1.4785444944766852
iter = 120 , loss = 1.8517122767171554 , RMSE train = 1.478544545045857
iter = 130 , loss = 1.5472880646332887 , RMSE train = 1.4785445682599407
iter = 140 , loss = 1.3650179984003261 , RMSE train = 1.4785445782844127
iter = 150 , loss = 1.2558861485671815 , RMSE train = 1.478544582472883

User-based MF, RMSE = 1.498043107558084

User-based MF-5models, RMSE = 1.2346144229506304

################################################################################
user-based = 0 ( ~ item-based)
################################################################################

K = 100, lam = .5, learning_rate = 0.75, max_iter = 200, user_based = 0


################################################################################

K = 100, lam = .5, learning_rate = 0.75, max_iter = 200, user_based = 0



